
Showing logs for build [32mcb-kubecd-bdd-ghfjxy-1568397736-8m5sh-1[0m stage [32mmeta-pipeline[0m and container [32mstep-credential-initializer-xc4fr[0m
{"level":"warn","ts":1568397991.7235215,"logger":"fallback-logger","caller":"logging/config.go:69","msg":"Fetch GitHub commit ID from kodata failed: \"ref: refs/heads/master\" is not a valid GitHub commit ID"}
{"level":"info","ts":1568397991.724498,"logger":"fallback-logger","caller":"creds-init/main.go:40","msg":"Credentials initialized."}

Showing logs for build [32mcb-kubecd-bdd-ghfjxy-1568397736-8m5sh-1[0m stage [32mmeta-pipeline[0m and container [32mstep-working-dir-initializer-8b5hg[0m
{"level":"warn","ts":1568397992.6214628,"logger":"fallback-logger","caller":"logging/config.go:69","msg":"Fetch GitHub commit ID from kodata failed: open /var/run/ko/HEAD: no such file or directory"}
{"level":"info","ts":1568397992.6232712,"logger":"fallback-logger","caller":"bash/main.go:65","msg":"Successfully executed command \"mkdir -p /workspace/source\""}

Showing logs for build [32mcb-kubecd-bdd-ghfjxy-1568397736-8m5sh-1[0m stage [32mmeta-pipeline[0m and container [32mstep-place-tools[0m

Showing logs for build [32mcb-kubecd-bdd-ghfjxy-1568397736-8m5sh-1[0m stage [32mmeta-pipeline[0m and container [32mstep-git-source-meta-cb-kubecd-bdd-ghfjxy-15683-jjn9g[0m
{"level":"warn","ts":1568398015.7073028,"logger":"fallback-logger","caller":"logging/config.go:69","msg":"Fetch GitHub commit ID from kodata failed: \"ref: refs/heads/master\" is not a valid GitHub commit ID"}
{"level":"info","ts":1568398016.8891149,"logger":"fallback-logger","caller":"git/git.go:102","msg":"Successfully cloned https://github.com/cb-kubecd/bdd-ghf**y-1568397736.git @ 7aff4662f57b42af9c94846c7000baa201b420b3 in path /workspace/source"}

Showing logs for build [32mcb-kubecd-bdd-ghfjxy-1568397736-8m5sh-1[0m stage [32mmeta-pipeline[0m and container [32mstep-git-merge[0m
Using SHAs from PULL_REFS=master:7aff4662f57b42af9c94846c7000baa201b420b3,1:af893c8c8ea4478ec7a321e631516b02cdd7a214
DEBUG: ran git fetch --unshallow origin af893c8c8ea4478ec7a321e631516b02cdd7a214: 7aff4662f57b42af9c94846c7000baa201b420b3: in 
DEBUG: ran git checkout master in 
DEBUG: ran git reset --hard 7aff4662f57b42af9c94846c7000baa201b420b3 in 
DEBUG: ran clean --force -d . in 
DEBUG: ran git merge af893c8c8ea4478ec7a321e631516b02cdd7a214 in 
Merged SHA af893c8c8ea4478ec7a321e631516b02cdd7a214 with commit message 'My first PR commit' into base branch master

Showing logs for build [32mcb-kubecd-bdd-ghfjxy-1568397736-8m5sh-1[0m stage [32mmeta-pipeline[0m and container [32mstep-merge-pull-refs[0m
DEBUG: ran git fetch origin af893c8c8ea4478ec7a321e631516b02cdd7a214: 7aff4662f57b42af9c94846c7000baa201b420b3: in 
DEBUG: Unshallowed git repo in 
DEBUG: ran git checkout master in 
DEBUG: ran git reset --hard 7aff4662f57b42af9c94846c7000baa201b420b3 in 
DEBUG: ran clean --force -d . in 
DEBUG: ran git merge af893c8c8ea4478ec7a321e631516b02cdd7a214 in 
Merged SHA af893c8c8ea4478ec7a321e631516b02cdd7a214 with commit message 'My first PR commit' into base branch master

Showing logs for build [32mcb-kubecd-bdd-ghfjxy-1568397736-8m5sh-1[0m stage [32mmeta-pipeline[0m and container [32mstep-create-effective-pipeline[0m
Deleting and cloning the Jenkins X versions repo
Cloning the Jenkins X versions repo https://github.com/jenkins-x/jenkins-x-versions.git with ref refs/heads/master to /builder/home/.**/jenkins-x-versions
performing pack detection in folder /workspace/source
--> Draft detected YAML (67.752116%)
--> Could not find a pack for YAML. Trying to find the next likely language match...
--> Draft detected RPM Spec (14.854397%)
--> Could not find a pack for RPM Spec. Trying to find the next likely language match...
--> Draft detected Coq (6.799598%)
--> Could not find a pack for Coq. Trying to find the next likely language match...
--> Draft detected Smarty (3.701047%)
--> Could not find a pack for Smarty. Trying to find the next likely language match...
--> Draft detected Go (2.904892%)
selected pack: /builder/home/.**/draft/packs/github.com/jenkins-x-buildpacks/jenkins-x-kubernetes/packs/go
Effective pipeline written to jenkins-x-serverless-jenkins-effective.yml

Showing logs for build [32mcb-kubecd-bdd-ghfjxy-1568397736-8m5sh-1[0m stage [32mmeta-pipeline[0m and container [32mstep-create-tekton-crds[0m
PipelineActivity for cb-kubecd-bdd-ghf**y-1568397736-PR-1-1
Applying changes 
upserted PipelineResource cb-kubecd-bdd-ghf**y-1568397736 for the git repository https://github.com/cb-kubecd/bdd-ghf**y-1568397736.git
upserted Task cb-kubecd-bdd-ghf**y-1568397736-8m5sh-run-make-1
upserted Task cb-kubecd-bdd-ghf**y-1568397736-8m5sh-everything-else-1
upserted Pipeline cb-kubecd-bdd-ghf**y-1568397736-8m5sh-1
created PipelineRun cb-kubecd-bdd-ghf**y-1568397736-8m5sh-1
created PipelineStructure cb-kubecd-bdd-ghf**y-1568397736-8m5sh-1

Showing logs for build [32mcb-kubecd-bdd-ghfjxy-1568397736-8m5sh-1[0m stage [32mrun-make[0m and container [32mstep-credential-initializer-nr8k5[0m
{"level":"warn","ts":1568398049.0328643,"logger":"fallback-logger","caller":"logging/config.go:69","msg":"Fetch GitHub commit ID from kodata failed: \"ref: refs/heads/master\" is not a valid GitHub commit ID"}
{"level":"info","ts":1568398049.0335178,"logger":"fallback-logger","caller":"creds-init/main.go:40","msg":"Credentials initialized."}

Showing logs for build [32mcb-kubecd-bdd-ghfjxy-1568397736-8m5sh-1[0m stage [32mrun-make[0m and container [32mstep-working-dir-initializer-vz9rf[0m
{"level":"warn","ts":1568398050.0815609,"logger":"fallback-logger","caller":"logging/config.go:69","msg":"Fetch GitHub commit ID from kodata failed: open /var/run/ko/HEAD: no such file or directory"}
{"level":"info","ts":1568398050.082813,"logger":"fallback-logger","caller":"bash/main.go:65","msg":"Successfully executed command \"mkdir -p /workspace/source\""}

Showing logs for build [32mcb-kubecd-bdd-ghfjxy-1568397736-8m5sh-1[0m stage [32mrun-make[0m and container [32mstep-place-tools[0m

Showing logs for build [32mcb-kubecd-bdd-ghfjxy-1568397736-8m5sh-1[0m stage [32mrun-make[0m and container [32mstep-git-source-cb-kubecd-bdd-ghfjxy-1568397736-f5gft[0m
{"level":"warn","ts":1568398056.1496077,"logger":"fallback-logger","caller":"logging/config.go:69","msg":"Fetch GitHub commit ID from kodata failed: \"ref: refs/heads/master\" is not a valid GitHub commit ID"}
{"level":"info","ts":1568398057.203108,"logger":"fallback-logger","caller":"git/git.go:102","msg":"Successfully cloned https://github.com/cb-kubecd/bdd-ghf**y-1568397736.git @ master in path /workspace/source"}

Showing logs for build [32mcb-kubecd-bdd-ghfjxy-1568397736-8m5sh-1[0m stage [32mrun-make[0m and container [32mstep-git-merge[0m
Using SHAs from PULL_REFS=master:7aff4662f57b42af9c94846c7000baa201b420b3,1:af893c8c8ea4478ec7a321e631516b02cdd7a214
DEBUG: ran git fetch --unshallow origin af893c8c8ea4478ec7a321e631516b02cdd7a214: 7aff4662f57b42af9c94846c7000baa201b420b3: in 
DEBUG: ran git checkout master in 
DEBUG: ran git reset --hard 7aff4662f57b42af9c94846c7000baa201b420b3 in 
DEBUG: ran clean --force -d . in 
DEBUG: ran git merge af893c8c8ea4478ec7a321e631516b02cdd7a214 in 
Merged SHA af893c8c8ea4478ec7a321e631516b02cdd7a214 with commit message 'My first PR commit' into base branch master

Showing logs for build [32mcb-kubecd-bdd-ghfjxy-1568397736-8m5sh-1[0m stage [32mrun-make[0m and container [32mstep-build-make-linux[0m
CGO_ENABLED=0 GOOS=linux GOARCH=amd64 GO15VENDOREXPERIMENT=1 go build -ldflags '' -o bin/bdd-ghf**y-1568397736 main.go

Showing logs for build [32mcb-kubecd-bdd-ghfjxy-1568397736-8m5sh-1[0m stage [32mrun-make[0m and container [32mstep-source-mkdir-cb-kubecd-bdd-ghfjxy-1568397736-bljl5[0m
{"level":"warn","ts":1568398066.1462536,"logger":"fallback-logger","caller":"logging/config.go:69","msg":"Fetch GitHub commit ID from kodata failed: open /var/run/ko/HEAD: no such file or directory"}
{"level":"info","ts":1568398066.1644006,"logger":"fallback-logger","caller":"bash/main.go:65","msg":"Successfully executed command \"mkdir -p /pvc/run-make/workspace\""}

Showing logs for build [32mcb-kubecd-bdd-ghfjxy-1568397736-8m5sh-1[0m stage [32mrun-make[0m and container [32mstep-source-copy-cb-kubecd-bdd-ghfjxy-1568397736-s5h9w[0m
{"level":"warn","ts":1568398066.4372752,"logger":"fallback-logger","caller":"logging/config.go:69","msg":"Fetch GitHub commit ID from kodata failed: open /var/run/ko/HEAD: no such file or directory"}
{"level":"info","ts":1568398066.454785,"logger":"fallback-logger","caller":"bash/main.go:65","msg":"Successfully executed command \"cp -r /workspace/source/. /pvc/run-make/workspace\""}

Showing logs for build [32mcb-kubecd-bdd-ghfjxy-1568397736-8m5sh-1[0m stage [32meverything-else[0m and container [32mstep-credential-initializer-l5dr4[0m
{"level":"warn","ts":1568398078.0697796,"logger":"fallback-logger","caller":"logging/config.go:69","msg":"Fetch GitHub commit ID from kodata failed: \"ref: refs/heads/master\" is not a valid GitHub commit ID"}
{"level":"info","ts":1568398078.070384,"logger":"fallback-logger","caller":"creds-init/main.go:40","msg":"Credentials initialized."}

Showing logs for build [32mcb-kubecd-bdd-ghfjxy-1568397736-8m5sh-1[0m stage [32meverything-else[0m and container [32mstep-working-dir-initializer-6rkxr[0m
{"level":"warn","ts":1568398078.6406744,"logger":"fallback-logger","caller":"logging/config.go:69","msg":"Fetch GitHub commit ID from kodata failed: open /var/run/ko/HEAD: no such file or directory"}
{"level":"info","ts":1568398078.6429172,"logger":"fallback-logger","caller":"bash/main.go:65","msg":"Successfully executed command \"mkdir -p /workspace/source /workspace/source/charts/preview\""}

Showing logs for build [32mcb-kubecd-bdd-ghfjxy-1568397736-8m5sh-1[0m stage [32meverything-else[0m and container [32mstep-place-tools[0m

Showing logs for build [32mcb-kubecd-bdd-ghfjxy-1568397736-8m5sh-1[0m stage [32meverything-else[0m and container [32mstep-create-dir-workspace-nvdhq[0m
{"level":"warn","ts":1568398084.6479175,"logger":"fallback-logger","caller":"logging/config.go:69","msg":"Fetch GitHub commit ID from kodata failed: open /var/run/ko/HEAD: no such file or directory"}
{"level":"info","ts":1568398084.649962,"logger":"fallback-logger","caller":"bash/main.go:65","msg":"Successfully executed command \"mkdir -p /workspace/source\""}

Showing logs for build [32mcb-kubecd-bdd-ghfjxy-1568397736-8m5sh-1[0m stage [32meverything-else[0m and container [32mstep-source-copy-workspace-zn2zk[0m
{"level":"warn","ts":1568398084.9975944,"logger":"fallback-logger","caller":"logging/config.go:69","msg":"Fetch GitHub commit ID from kodata failed: open /var/run/ko/HEAD: no such file or directory"}
{"level":"info","ts":1568398085.299549,"logger":"fallback-logger","caller":"bash/main.go:65","msg":"Successfully executed command \"cp -r /pvc/run-make/workspace/. /workspace/source\""}

Showing logs for build [32mcb-kubecd-bdd-ghfjxy-1568397736-8m5sh-1[0m stage [32meverything-else[0m and container [32mstep-build-container-build[0m
[36mINFO[0m[0000] No base image, nothing to extract            
[36mINFO[0m[0000] cmd: EXPOSE                                  
[36mINFO[0m[0000] Adding exposed port: 8080/tcp                
[36mINFO[0m[0000] Using files from context: [/workspace/source/bin] 
[36mINFO[0m[0000] Skipping unpacking as no commands require it. 
[36mINFO[0m[0000] Taking snapshot of full filesystem...        
[36mINFO[0m[0000] EXPOSE 8080                                  
[36mINFO[0m[0000] cmd: EXPOSE                                  
[36mINFO[0m[0000] Adding exposed port: 8080/tcp                
[36mINFO[0m[0000] No files changed in this command, skipping snapshotting. 
[36mINFO[0m[0000] ENTRYPOINT ["/bdd-ghf**y-1568397736"]        
[36mINFO[0m[0000] No files changed in this command, skipping snapshotting. 
[36mINFO[0m[0000] Using files from context: [/workspace/source/bin] 
[36mINFO[0m[0000] COPY ./bin/ /                                
[36mINFO[0m[0000] Taking snapshot of files...                  
2019/09/13 18:08:09 pushed blob: sha256:0d75899bccab4677a8007cc9c4c5bfd79d9cb731f8db6fb6c707ceb53caa38fb
2019/09/13 18:08:10 pushed blob: sha256:b23f70587e64aa97ae7cb266688d92df9cac5af7e3a417a91dab85424b20ed37
2019/09/13 18:08:12 gcr.io/jenkins-x-bdd3/bdd-ghf**y-1568397736:0.0.0-SNAPSHOT-PR-1-1: digest: sha256:933785c423708b7a2b7b768976480ab3e8534482037987637d81569497c38286 size: 428

Showing logs for build [32mcb-kubecd-bdd-ghfjxy-1568397736-8m5sh-1[0m stage [32meverything-else[0m and container [32mstep-postbuild-post-build[0m
no CVE provider running in the current ** namespace so skip adding image to be analysed

Showing logs for build [32mcb-kubecd-bdd-ghfjxy-1568397736-8m5sh-1[0m stage [32meverything-else[0m and container [32mstep-promote-make-preview[0m
sed -i -e "s/version:.*/version: 0.0.0-SNAPSHOT-PR-1-1/" Chart.yaml
sed -i -e "s/version:.*/version: 0.0.0-SNAPSHOT-PR-1-1/" ../*/Chart.yaml
sed -i -e "s|repository:.*|repository: gcr.io\/jenkins-x-bdd3\/bdd-ghf**y-1568397736|" values.yaml
sed -i -e "s/tag:.*/tag: 0.0.0-SNAPSHOT-PR-1-1/" values.yaml
echo "  version: 0.0.0-SNAPSHOT-PR-1-1" >> requirements.yaml
** step helm build
WARNING: No $CHART_REPOSITORY defined so using the default value of: http://jenkins-x-chartmuseum:8080
Adding missing Helm repo: storage.googleapis.com https://storage.googleapis.com/chartmuseum.jenkins-x.io
Successfully added Helm repository storage.googleapis.com.
Adding missing Helm repo: jenkins-x-chartmuseum http://jenkins-x-chartmuseum:8080
Successfully added Helm repository jenkins-x-chartmuseum.
WARNING: No $CHART_REPOSITORY defined so using the default value of: http://jenkins-x-chartmuseum:8080
Adding missing Helm repo: chartmuseum.jenkins-x.io http://chartmuseum.jenkins-x.io
Successfully added Helm repository chartmuseum.jenkins-x.io.

Showing logs for build [32mcb-kubecd-bdd-ghfjxy-1568397736-8m5sh-1[0m stage [32meverything-else[0m and container [32mstep-promote-jx-preview[0m
Creating a preview
WARNING: No author for commit: af893c8c8ea4478ec7a321e631516b02cdd7a214
Created environment cb-kubecd-bdd-ghf**y-1568397736-pr-1
Namespace **-cb-kubecd-bdd-ghf**y-1568397736-pr-1 created 
expose:
  Annotations:
    helm.sh/hook: post-install,post-upgrade
    helm.sh/hook-delete-policy: hook-succeeded
  config:
    domain: 34.76.209.194.nip.io
    exposer: Ingress
    http: "true"
preview:
  image:
    repository: gcr.io/jenkins-x-bdd3/bdd-ghf**y-1568397736
    tag: 0.0.0-SNAPSHOT-PR-1-1
Deleting and cloning the Jenkins X versions repo
Cloning the Jenkins X versions repo https://github.com/jenkins-x/jenkins-x-versions.git with ref refs/heads/master to /builder/home/.**/jenkins-x-versions


Updating PipelineActivities cb-kubecd-bdd-ghf**y-1568397736-pr-1-1 which has status Running
Preview application is now available at: http://bdd-ghf**y-1568397736.**-cb-kubecd-bdd-ghf**y-1568397736-pr-1.34.76.209.194.nip.io
